<?xml version="1.0" encoding="UTF-8"?>
<!-- Generated by org.testng.reporters.JUnitXMLReporter -->
<testsuite hostname="Bob" name="Default test" tests="3" failures="0" timestamp="17 Dec 2017 18:28:50 GMT" time="0.034" errors="0">
  <testcase name="setData" time="0.015" classname="SeleniumTraining.PHP.DataProviderSample"/>
  <testcase name="setData" time="0.016" classname="SeleniumTraining.PHP.DataProviderSample"/>
  <testcase name="setData" time="0.0" classname="SeleniumTraining.PHP.DataProviderSample"/>
</testsuite> <!-- Default test -->
