<?xml version="1.0" encoding="UTF-8"?>
<!-- Generated by org.testng.reporters.JUnitXMLReporter -->
<testsuite hostname="Bob" name="Test2" tests="1" failures="0" timestamp="17 Dec 2017 17:54:42 GMT" time="24.361" errors="0">
  <testcase name="@AfterTest closeBrowser" time="0.0" classname="SeleniumTraining.PHP.ParallelExecution">
    <failure type="org.openqa.selenium.SessionNotCreatedException" message="Tried to run command without establishing a connection
Build info: version: &amp;apos;3.8.1&amp;apos;, revision: &amp;apos;6e95a6684b&amp;apos;, time: &amp;apos;2017-12-01T18:33:54.468Z&amp;apos;
System info: host: &amp;apos;BOB&amp;apos;, ip: &amp;apos;192.168.0.9&amp;apos;, os.name: &amp;apos;Windows 10&amp;apos;, os.arch: &amp;apos;amd64&amp;apos;, os.version: &amp;apos;10.0&amp;apos;, java.version: &amp;apos;1.8.0_144&amp;apos;
Driver info: org.openqa.selenium.remote.RemoteWebDriver
Capabilities {acceptInsecureCerts: true, browserName: firefox, browserVersion: 53.0, javascriptEnabled: true, moz:accessibilityChecks: false, moz:processID: 14216, moz:profile: C:\Users\Bobby\AppData\Loca..., pageLoadStrategy: normal, platform: XP, platformName: XP, platformVersion: 10.0, rotatable: false, specificationLevel: 0, timeouts: {implicit: 0, pageLoad: 300000, script: 30000}}
Session ID: e36f6281-6e30-46bd-9c3d-7a52eee4c249">
      <![CDATA[org.openqa.selenium.SessionNotCreatedException: Tried to run command without establishing a connection
Build info: version: '3.8.1', revision: '6e95a6684b', time: '2017-12-01T18:33:54.468Z'
System info: host: 'BOB', ip: '192.168.0.9', os.name: 'Windows 10', os.arch: 'amd64', os.version: '10.0', java.version: '1.8.0_144'
Driver info: org.openqa.selenium.remote.RemoteWebDriver
Capabilities {acceptInsecureCerts: true, browserName: firefox, browserVersion: 53.0, javascriptEnabled: true, moz:accessibilityChecks: false, moz:processID: 14216, moz:profile: C:\Users\Bobby\AppData\Loca..., pageLoadStrategy: normal, platform: XP, platformName: XP, platformVersion: 10.0, rotatable: false, specificationLevel: 0, timeouts: {implicit: 0, pageLoad: 300000, script: 30000}}
Session ID: e36f6281-6e30-46bd-9c3d-7a52eee4c249
	at org.openqa.selenium.remote.http.W3CHttpResponseCodec.createException(W3CHttpResponseCodec.java:187)
	at org.openqa.selenium.remote.http.W3CHttpResponseCodec.decode(W3CHttpResponseCodec.java:122)
	at org.openqa.selenium.remote.http.W3CHttpResponseCodec.decode(W3CHttpResponseCodec.java:49)
	at org.openqa.selenium.remote.HttpCommandExecutor.execute(HttpCommandExecutor.java:164)
	at org.openqa.selenium.remote.RemoteWebDriver.execute(RemoteWebDriver.java:601)
	at org.openqa.selenium.remote.RemoteWebDriver.execute(RemoteWebDriver.java:658)
	at org.openqa.selenium.remote.RemoteWebDriver.quit(RemoteWebDriver.java:497)
	at SeleniumTraining.PHP.ParallelExecution.closeBrowser(ParallelExecution.java:69)
	at java.util.concurrent.FutureTask.run(FutureTask.java:266)
	at java.util.concurrent.ThreadPoolExecutor.runWorker(ThreadPoolExecutor.java:1149)
	at java.util.concurrent.ThreadPoolExecutor$Worker.run(ThreadPoolExecutor.java:624)
	at java.lang.Thread.run(Thread.java:748)
... Removed 18 stack frames]]>
    </failure>
  </testcase> <!-- @AfterTest closeBrowser -->
  <testcase name="f" time="6.255" classname="SeleniumTraining.PHP.ParallelExecution"/>
</testsuite> <!-- Test2 -->
