<?xml version="1.0" encoding="UTF-8"?>
<!-- Generated by org.testng.reporters.JUnitXMLReporter -->
<testsuite hostname="Bob" name="Test" tests="2" failures="1" timestamp="12 Dec 2017 20:50:35 GMT" time="13.203" errors="0">
  <testcase name="CreateUser" time="2.097" classname="SeleniumTraining.PHP.PhPCollabTest">
    <failure type="java.lang.AssertionError" message="expected [true] but found [false]">
      <![CDATA[java.lang.AssertionError: expected [true] but found [false]
	at SeleniumTraining.PHP.PhPCollabTest.CreateUser(PhPCollabTest.java:82)
	at org.apache.maven.surefire.testng.TestNGExecutor.run(TestNGExecutor.java:283)
	at org.apache.maven.surefire.testng.TestNGXmlTestSuite.execute(TestNGXmlTestSuite.java:75)
	at org.apache.maven.surefire.testng.TestNGProvider.invoke(TestNGProvider.java:120)
	at org.apache.maven.surefire.booter.ForkedBooter.invokeProviderInSameClassLoader(ForkedBooter.java:373)
	at org.apache.maven.surefire.booter.ForkedBooter.runSuitesInProcess(ForkedBooter.java:334)
	at org.apache.maven.surefire.booter.ForkedBooter.execute(ForkedBooter.java:119)
	at org.apache.maven.surefire.booter.ForkedBooter.main(ForkedBooter.java:407)
... Removed 25 stack frames]]>
    </failure>
  </testcase> <!-- CreateUser -->
  <testcase name="CreateProject" time="0.0" classname="SeleniumTraining.PHP.PhPCollabTest">
    <skipped/>
  </testcase> <!-- CreateProject -->
</testsuite> <!-- Test -->
